/*C5*/SET SCHEMA PUBLIC
DELETE FROM PRODUCT WHERE ID=0
DELETE FROM PRODUCT WHERE ID=1
DELETE FROM PRODUCT WHERE ID=2
DELETE FROM PRODUCT WHERE ID=3
DELETE FROM PRODUCT WHERE ID=4
DELETE FROM PRODUCT WHERE ID=5
DELETE FROM PRODUCT WHERE ID=6
DELETE FROM PRODUCT WHERE ID=7
DELETE FROM PRODUCT WHERE ID=8
DELETE FROM PRODUCT WHERE ID=9
DELETE FROM PRODUCT WHERE ID=10
DELETE FROM PRODUCT WHERE ID=11
DELETE FROM PRODUCT WHERE ID=12
DELETE FROM PRODUCT WHERE ID=13
DELETE FROM PRODUCT WHERE ID=14
DELETE FROM PRODUCT WHERE ID=15
DELETE FROM PRODUCT WHERE ID=16
DELETE FROM PRODUCT WHERE ID=17
DELETE FROM PRODUCT WHERE ID=18
DELETE FROM PRODUCT WHERE ID=19
DELETE FROM PRODUCT WHERE ID=20
DELETE FROM PRODUCT WHERE ID=21
DELETE FROM PRODUCT WHERE ID=22
DELETE FROM PRODUCT WHERE ID=23
DELETE FROM PRODUCT WHERE ID=24
DELETE FROM PRODUCT WHERE ID=25
DELETE FROM PRODUCT WHERE ID=26
DELETE FROM PRODUCT WHERE ID=27
DELETE FROM PRODUCT WHERE ID=28
DELETE FROM PRODUCT WHERE ID=29
DELETE FROM PRODUCT WHERE ID=30
DELETE FROM PRODUCT WHERE ID=31
DELETE FROM PRODUCT WHERE ID=32
DELETE FROM PRODUCT WHERE ID=33
DELETE FROM PRODUCT WHERE ID=34
DELETE FROM PRODUCT WHERE ID=35
DELETE FROM PRODUCT WHERE ID=36
DELETE FROM PRODUCT WHERE ID=37
DELETE FROM PRODUCT WHERE ID=38
DELETE FROM PRODUCT WHERE ID=39
DELETE FROM PRODUCT WHERE ID=40
DELETE FROM PRODUCT WHERE ID=41
DELETE FROM PRODUCT WHERE ID=42
DELETE FROM PRODUCT WHERE ID=43
DELETE FROM PRODUCT WHERE ID=44
DELETE FROM PRODUCT WHERE ID=45
DELETE FROM PRODUCT WHERE ID=46
DELETE FROM PRODUCT WHERE ID=47
DELETE FROM PRODUCT WHERE ID=48
DELETE FROM PRODUCT WHERE ID=49
DELETE FROM ITEM WHERE INVOICEID=0 AND ITEM=3
DELETE FROM ITEM WHERE INVOICEID=1 AND ITEM=3
DELETE FROM ITEM WHERE INVOICEID=2 AND ITEM=1
DELETE FROM ITEM WHERE INVOICEID=2 AND ITEM=7
DELETE FROM ITEM WHERE INVOICEID=2 AND ITEM=13
DELETE FROM ITEM WHERE INVOICEID=3 AND ITEM=4
DELETE FROM ITEM WHERE INVOICEID=6 AND ITEM=3
DELETE FROM ITEM WHERE INVOICEID=7 AND ITEM=3
DELETE FROM ITEM WHERE INVOICEID=18 AND ITEM=6
DELETE FROM ITEM WHERE INVOICEID=24 AND ITEM=0
DELETE FROM ITEM WHERE INVOICEID=29 AND ITEM=3
DELETE FROM ITEM WHERE INVOICEID=36 AND ITEM=2
DELETE FROM ITEM WHERE INVOICEID=2 AND ITEM=10
DELETE FROM ITEM WHERE INVOICEID=3 AND ITEM=3
DELETE FROM ITEM WHERE INVOICEID=4 AND ITEM=5
DELETE FROM ITEM WHERE INVOICEID=12 AND ITEM=8
DELETE FROM ITEM WHERE INVOICEID=18 AND ITEM=5
DELETE FROM ITEM WHERE INVOICEID=18 AND ITEM=8
DELETE FROM ITEM WHERE INVOICEID=20 AND ITEM=2
DELETE FROM ITEM WHERE INVOICEID=21 AND ITEM=9
DELETE FROM ITEM WHERE INVOICEID=25 AND ITEM=1
DELETE FROM ITEM WHERE INVOICEID=26 AND ITEM=3
DELETE FROM ITEM WHERE INVOICEID=33 AND ITEM=5
DELETE FROM ITEM WHERE INVOICEID=34 AND ITEM=2
DELETE FROM ITEM WHERE INVOICEID=34 AND ITEM=7
DELETE FROM ITEM WHERE INVOICEID=35 AND ITEM=9
DELETE FROM ITEM WHERE INVOICEID=48 AND ITEM=0
DELETE FROM ITEM WHERE INVOICEID=49 AND ITEM=10
DELETE FROM ITEM WHERE INVOICEID=12 AND ITEM=9
DELETE FROM ITEM WHERE INVOICEID=29 AND ITEM=12
DELETE FROM ITEM WHERE INVOICEID=42 AND ITEM=0
DELETE FROM ITEM WHERE INVOICEID=6 AND ITEM=16
DELETE FROM ITEM WHERE INVOICEID=14 AND ITEM=0
DELETE FROM ITEM WHERE INVOICEID=15 AND ITEM=0
DELETE FROM ITEM WHERE INVOICEID=27 AND ITEM=5
DELETE FROM ITEM WHERE INVOICEID=28 AND ITEM=4
DELETE FROM ITEM WHERE INVOICEID=30 AND ITEM=0
DELETE FROM ITEM WHERE INVOICEID=33 AND ITEM=0
DELETE FROM ITEM WHERE INVOICEID=41 AND ITEM=5
DELETE FROM ITEM WHERE INVOICEID=43 AND ITEM=1
DELETE FROM ITEM WHERE INVOICEID=45 AND ITEM=2
DELETE FROM ITEM WHERE INVOICEID=47 AND ITEM=5
DELETE FROM ITEM WHERE INVOICEID=5 AND ITEM=12
DELETE FROM ITEM WHERE INVOICEID=13 AND ITEM=9
DELETE FROM ITEM WHERE INVOICEID=16 AND ITEM=3
DELETE FROM ITEM WHERE INVOICEID=17 AND ITEM=4
DELETE FROM ITEM WHERE INVOICEID=17 AND ITEM=6
DELETE FROM ITEM WHERE INVOICEID=21 AND ITEM=7
DELETE FROM ITEM WHERE INVOICEID=23 AND ITEM=4
DELETE FROM ITEM WHERE INVOICEID=23 AND ITEM=6
DELETE FROM ITEM WHERE INVOICEID=26 AND ITEM=6
DELETE FROM ITEM WHERE INVOICEID=26 AND ITEM=10
DELETE FROM ITEM WHERE INVOICEID=26 AND ITEM=11
DELETE FROM ITEM WHERE INVOICEID=28 AND ITEM=7
DELETE FROM ITEM WHERE INVOICEID=29 AND ITEM=9
DELETE FROM ITEM WHERE INVOICEID=29 AND ITEM=15
DELETE FROM ITEM WHERE INVOICEID=32 AND ITEM=4
DELETE FROM ITEM WHERE INVOICEID=35 AND ITEM=6
DELETE FROM ITEM WHERE INVOICEID=36 AND ITEM=6
DELETE FROM ITEM WHERE INVOICEID=36 AND ITEM=14
DELETE FROM ITEM WHERE INVOICEID=38 AND ITEM=9
DELETE FROM ITEM WHERE INVOICEID=38 AND ITEM=12
DELETE FROM ITEM WHERE INVOICEID=38 AND ITEM=15
DELETE FROM ITEM WHERE INVOICEID=38 AND ITEM=16
DELETE FROM ITEM WHERE INVOICEID=39 AND ITEM=1
DELETE FROM ITEM WHERE INVOICEID=44 AND ITEM=0
DELETE FROM ITEM WHERE INVOICEID=48 AND ITEM=9
DELETE FROM ITEM WHERE INVOICEID=2 AND ITEM=3
DELETE FROM ITEM WHERE INVOICEID=4 AND ITEM=1
DELETE FROM ITEM WHERE INVOICEID=8 AND ITEM=0
DELETE FROM ITEM WHERE INVOICEID=16 AND ITEM=1
DELETE FROM ITEM WHERE INVOICEID=18 AND ITEM=2
DELETE FROM ITEM WHERE INVOICEID=20 AND ITEM=4
DELETE FROM ITEM WHERE INVOICEID=23 AND ITEM=7
DELETE FROM ITEM WHERE INVOICEID=27 AND ITEM=8
DELETE FROM ITEM WHERE INVOICEID=29 AND ITEM=1
DELETE FROM ITEM WHERE INVOICEID=36 AND ITEM=10
DELETE FROM ITEM WHERE INVOICEID=40 AND ITEM=4
DELETE FROM ITEM WHERE INVOICEID=40 AND ITEM=5
DELETE FROM ITEM WHERE INVOICEID=49 AND ITEM=12
DELETE FROM ITEM WHERE INVOICEID=2 AND ITEM=12
DELETE FROM ITEM WHERE INVOICEID=11 AND ITEM=11
DELETE FROM ITEM WHERE INVOICEID=17 AND ITEM=2
DELETE FROM ITEM WHERE INVOICEID=34 AND ITEM=18
DELETE FROM ITEM WHERE INVOICEID=38 AND ITEM=5
DELETE FROM ITEM WHERE INVOICEID=38 AND ITEM=8
DELETE FROM ITEM WHERE INVOICEID=42 AND ITEM=1
DELETE FROM ITEM WHERE INVOICEID=46 AND ITEM=0
DELETE FROM ITEM WHERE INVOICEID=18 AND ITEM=1
DELETE FROM ITEM WHERE INVOICEID=21 AND ITEM=6
DELETE FROM ITEM WHERE INVOICEID=23 AND ITEM=3
DELETE FROM ITEM WHERE INVOICEID=25 AND ITEM=4
DELETE FROM ITEM WHERE INVOICEID=29 AND ITEM=7
DELETE FROM ITEM WHERE INVOICEID=31 AND ITEM=0
DELETE FROM ITEM WHERE INVOICEID=38 AND ITEM=14
DELETE FROM ITEM WHERE INVOICEID=41 AND ITEM=0
DELETE FROM ITEM WHERE INVOICEID=49 AND ITEM=21
DELETE FROM ITEM WHERE INVOICEID=7 AND ITEM=7
DELETE FROM ITEM WHERE INVOICEID=9 AND ITEM=2
DELETE FROM ITEM WHERE INVOICEID=12 AND ITEM=17
DELETE FROM ITEM WHERE INVOICEID=14 AND ITEM=6
DELETE FROM ITEM WHERE INVOICEID=15 AND ITEM=14
DELETE FROM ITEM WHERE INVOICEID=15 AND ITEM=19
DELETE FROM ITEM WHERE INVOICEID=17 AND ITEM=10
DELETE FROM ITEM WHERE INVOICEID=21 AND ITEM=15
DELETE FROM ITEM WHERE INVOICEID=23 AND ITEM=10
DELETE FROM ITEM WHERE INVOICEID=25 AND ITEM=0
DELETE FROM ITEM WHERE INVOICEID=27 AND ITEM=2
DELETE FROM ITEM WHERE INVOICEID=28 AND ITEM=5
DELETE FROM ITEM WHERE INVOICEID=29 AND ITEM=13
DELETE FROM ITEM WHERE INVOICEID=35 AND ITEM=0
DELETE FROM ITEM WHERE INVOICEID=49 AND ITEM=20
DELETE FROM ITEM WHERE INVOICEID=1 AND ITEM=5
DELETE FROM ITEM WHERE INVOICEID=5 AND ITEM=1
DELETE FROM ITEM WHERE INVOICEID=13 AND ITEM=12
DELETE FROM ITEM WHERE INVOICEID=14 AND ITEM=8
DELETE FROM ITEM WHERE INVOICEID=15 AND ITEM=7
DELETE FROM ITEM WHERE INVOICEID=17 AND ITEM=16
DELETE FROM ITEM WHERE INVOICEID=26 AND ITEM=7
DELETE FROM ITEM WHERE INVOICEID=40 AND ITEM=10
DELETE FROM ITEM WHERE INVOICEID=40 AND ITEM=13
DELETE FROM ITEM WHERE INVOICEID=46 AND ITEM=1
DELETE FROM ITEM WHERE INVOICEID=3 AND ITEM=2
DELETE FROM ITEM WHERE INVOICEID=7 AND ITEM=4
DELETE FROM ITEM WHERE INVOICEID=10 AND ITEM=0
DELETE FROM ITEM WHERE INVOICEID=12 AND ITEM=18
DELETE FROM ITEM WHERE INVOICEID=19 AND ITEM=0
DELETE FROM ITEM WHERE INVOICEID=23 AND ITEM=12
DELETE FROM ITEM WHERE INVOICEID=24 AND ITEM=8
DELETE FROM ITEM WHERE INVOICEID=28 AND ITEM=17
DELETE FROM ITEM WHERE INVOICEID=29 AND ITEM=14
DELETE FROM ITEM WHERE INVOICEID=37 AND ITEM=0
DELETE FROM ITEM WHERE INVOICEID=5 AND ITEM=5
DELETE FROM ITEM WHERE INVOICEID=5 AND ITEM=13
DELETE FROM ITEM WHERE INVOICEID=6 AND ITEM=8
DELETE FROM ITEM WHERE INVOICEID=7 AND ITEM=5
DELETE FROM ITEM WHERE INVOICEID=7 AND ITEM=9
DELETE FROM ITEM WHERE INVOICEID=18 AND ITEM=11
DELETE FROM ITEM WHERE INVOICEID=18 AND ITEM=14
DELETE FROM ITEM WHERE INVOICEID=24 AND ITEM=3
DELETE FROM ITEM WHERE INVOICEID=35 AND ITEM=8
DELETE FROM ITEM WHERE INVOICEID=38 AND ITEM=3
DELETE FROM ITEM WHERE INVOICEID=42 AND ITEM=5
DELETE FROM ITEM WHERE INVOICEID=47 AND ITEM=2
DELETE FROM ITEM WHERE INVOICEID=6 AND ITEM=4
DELETE FROM ITEM WHERE INVOICEID=13 AND ITEM=3
DELETE FROM ITEM WHERE INVOICEID=13 AND ITEM=7
DELETE FROM ITEM WHERE INVOICEID=13 AND ITEM=15
DELETE FROM ITEM WHERE INVOICEID=33 AND ITEM=2
DELETE FROM ITEM WHERE INVOICEID=34 AND ITEM=11
DELETE FROM ITEM WHERE INVOICEID=43 AND ITEM=2
DELETE FROM ITEM WHERE INVOICEID=48 AND ITEM=6
DELETE FROM ITEM WHERE INVOICEID=49 AND ITEM=5
DELETE FROM ITEM WHERE INVOICEID=49 AND ITEM=13
DELETE FROM ITEM WHERE INVOICEID=4 AND ITEM=6
DELETE FROM ITEM WHERE INVOICEID=5 AND ITEM=9
DELETE FROM ITEM WHERE INVOICEID=6 AND ITEM=11
DELETE FROM ITEM WHERE INVOICEID=7 AND ITEM=8
DELETE FROM ITEM WHERE INVOICEID=17 AND ITEM=9
DELETE FROM ITEM WHERE INVOICEID=17 AND ITEM=15
DELETE FROM ITEM WHERE INVOICEID=20 AND ITEM=6
DELETE FROM ITEM WHERE INVOICEID=21 AND ITEM=13
DELETE FROM ITEM WHERE INVOICEID=23 AND ITEM=13
DELETE FROM ITEM WHERE INVOICEID=24 AND ITEM=13
DELETE FROM ITEM WHERE INVOICEID=27 AND ITEM=15
DELETE FROM ITEM WHERE INVOICEID=34 AND ITEM=1
DELETE FROM ITEM WHERE INVOICEID=41 AND ITEM=8
DELETE FROM ITEM WHERE INVOICEID=43 AND ITEM=8
DELETE FROM ITEM WHERE INVOICEID=3 AND ITEM=0
DELETE FROM ITEM WHERE INVOICEID=12 AND ITEM=13
DELETE FROM ITEM WHERE INVOICEID=15 AND ITEM=6
DELETE FROM ITEM WHERE INVOICEID=17 AND ITEM=7
DELETE FROM ITEM WHERE INVOICEID=22 AND ITEM=14
DELETE FROM ITEM WHERE INVOICEID=24 AND ITEM=6
DELETE FROM ITEM WHERE INVOICEID=24 AND ITEM=12
DELETE FROM ITEM WHERE INVOICEID=30 AND ITEM=1
DELETE FROM ITEM WHERE INVOICEID=34 AND ITEM=17
DELETE FROM ITEM WHERE INVOICEID=41 AND ITEM=11
DELETE FROM ITEM WHERE INVOICEID=43 AND ITEM=4
DELETE FROM ITEM WHERE INVOICEID=47 AND ITEM=4
DELETE FROM ITEM WHERE INVOICEID=5 AND ITEM=2
DELETE FROM ITEM WHERE INVOICEID=12 AND ITEM=5
DELETE FROM ITEM WHERE INVOICEID=12 AND ITEM=7
DELETE FROM ITEM WHERE INVOICEID=13 AND ITEM=1
DELETE FROM ITEM WHERE INVOICEID=13 AND ITEM=4
DELETE FROM ITEM WHERE INVOICEID=18 AND ITEM=7
DELETE FROM ITEM WHERE INVOICEID=18 AND ITEM=10
DELETE FROM ITEM WHERE INVOICEID=19 AND ITEM=13
DELETE FROM ITEM WHERE INVOICEID=23 AND ITEM=15
DELETE FROM ITEM WHERE INVOICEID=33 AND ITEM=4
DELETE FROM ITEM WHERE INVOICEID=35 AND ITEM=13
DELETE FROM ITEM WHERE INVOICEID=36 AND ITEM=1
DELETE FROM ITEM WHERE INVOICEID=36 AND ITEM=11
DELETE FROM ITEM WHERE INVOICEID=40 AND ITEM=1
DELETE FROM ITEM WHERE INVOICEID=40 AND ITEM=18
DELETE FROM ITEM WHERE INVOICEID=41 AND ITEM=10
DELETE FROM ITEM WHERE INVOICEID=43 AND ITEM=12
DELETE FROM ITEM WHERE INVOICEID=4 AND ITEM=4
DELETE FROM ITEM WHERE INVOICEID=11 AND ITEM=4
DELETE FROM ITEM WHERE INVOICEID=17 AND ITEM=0
DELETE FROM ITEM WHERE INVOICEID=19 AND ITEM=2
DELETE FROM ITEM WHERE INVOICEID=20 AND ITEM=3
DELETE FROM ITEM WHERE INVOICEID=21 AND ITEM=3
DELETE FROM ITEM WHERE INVOICEID=24 AND ITEM=7
DELETE FROM ITEM WHERE INVOICEID=27 AND ITEM=9
DELETE FROM ITEM WHERE INVOICEID=40 AND ITEM=9
DELETE FROM ITEM WHERE INVOICEID=44 AND ITEM=1
DELETE FROM ITEM WHERE INVOICEID=49 AND ITEM=1
DELETE FROM ITEM WHERE INVOICEID=3 AND ITEM=1
DELETE FROM ITEM WHERE INVOICEID=6 AND ITEM=10
DELETE FROM ITEM WHERE INVOICEID=8 AND ITEM=5
DELETE FROM ITEM WHERE INVOICEID=19 AND ITEM=12
DELETE FROM ITEM WHERE INVOICEID=23 AND ITEM=2
DELETE FROM ITEM WHERE INVOICEID=24 AND ITEM=15
DELETE FROM ITEM WHERE INVOICEID=27 AND ITEM=3
DELETE FROM ITEM WHERE INVOICEID=29 AND ITEM=5
DELETE FROM ITEM WHERE INVOICEID=40 AND ITEM=11
DELETE FROM ITEM WHERE INVOICEID=43 AND ITEM=0
DELETE FROM ITEM WHERE INVOICEID=49 AND ITEM=16
DELETE FROM ITEM WHERE INVOICEID=2 AND ITEM=6
DELETE FROM ITEM WHERE INVOICEID=6 AND ITEM=1
DELETE FROM ITEM WHERE INVOICEID=7 AND ITEM=0
DELETE FROM ITEM WHERE INVOICEID=9 AND ITEM=0
DELETE FROM ITEM WHERE INVOICEID=15 AND ITEM=3
DELETE FROM ITEM WHERE INVOICEID=21 AND ITEM=11
DELETE FROM ITEM WHERE INVOICEID=24 AND ITEM=14
DELETE FROM ITEM WHERE INVOICEID=26 AND ITEM=5
DELETE FROM ITEM WHERE INVOICEID=33 AND ITEM=3
DELETE FROM ITEM WHERE INVOICEID=41 AND ITEM=14
DELETE FROM ITEM WHERE INVOICEID=0 AND ITEM=2
DELETE FROM ITEM WHERE INVOICEID=4 AND ITEM=10
DELETE FROM ITEM WHERE INVOICEID=8 AND ITEM=3
DELETE FROM ITEM WHERE INVOICEID=11 AND ITEM=5
DELETE FROM ITEM WHERE INVOICEID=12 AND ITEM=3
DELETE FROM ITEM WHERE INVOICEID=13 AND ITEM=2
DELETE FROM ITEM WHERE INVOICEID=15 AND ITEM=17
DELETE FROM ITEM WHERE INVOICEID=20 AND ITEM=7
DELETE FROM ITEM WHERE INVOICEID=22 AND ITEM=12
DELETE FROM ITEM WHERE INVOICEID=29 AND ITEM=4
DELETE FROM ITEM WHERE INVOICEID=29 AND ITEM=8
DELETE FROM ITEM WHERE INVOICEID=29 AND ITEM=10
DELETE FROM ITEM WHERE INVOICEID=33 AND ITEM=1
DELETE FROM ITEM WHERE INVOICEID=34 AND ITEM=16
DELETE FROM ITEM WHERE INVOICEID=36 AND ITEM=15
DELETE FROM ITEM WHERE INVOICEID=40 AND ITEM=17
DELETE FROM ITEM WHERE INVOICEID=40 AND ITEM=21
DELETE FROM ITEM WHERE INVOICEID=0 AND ITEM=5
DELETE FROM ITEM WHERE INVOICEID=0 AND ITEM=9
DELETE FROM ITEM WHERE INVOICEID=2 AND ITEM=14
DELETE FROM ITEM WHERE INVOICEID=6 AND ITEM=2
DELETE FROM ITEM WHERE INVOICEID=7 AND ITEM=2
DELETE FROM ITEM WHERE INVOICEID=14 AND ITEM=7
DELETE FROM ITEM WHERE INVOICEID=15 AND ITEM=18
DELETE FROM ITEM WHERE INVOICEID=17 AND ITEM=3
DELETE FROM ITEM WHERE INVOICEID=17 AND ITEM=14
DELETE FROM ITEM WHERE INVOICEID=26 AND ITEM=4
DELETE FROM ITEM WHERE INVOICEID=35 AND ITEM=1
DELETE FROM ITEM WHERE INVOICEID=37 AND ITEM=3
DELETE FROM ITEM WHERE INVOICEID=41 AND ITEM=12
DELETE FROM ITEM WHERE INVOICEID=1 AND ITEM=7
DELETE FROM ITEM WHERE INVOICEID=1 AND ITEM=12
DELETE FROM ITEM WHERE INVOICEID=18 AND ITEM=3
DELETE FROM ITEM WHERE INVOICEID=19 AND ITEM=1
DELETE FROM ITEM WHERE INVOICEID=28 AND ITEM=3
DELETE FROM ITEM WHERE INVOICEID=48 AND ITEM=1
DELETE FROM ITEM WHERE INVOICEID=49 AND ITEM=11
DELETE FROM ITEM WHERE INVOICEID=49 AND ITEM=15
DELETE FROM ITEM WHERE INVOICEID=1 AND ITEM=2
DELETE FROM ITEM WHERE INVOICEID=4 AND ITEM=9
DELETE FROM ITEM WHERE INVOICEID=10 AND ITEM=2
DELETE FROM ITEM WHERE INVOICEID=11 AND ITEM=1
DELETE FROM ITEM WHERE INVOICEID=16 AND ITEM=0
DELETE FROM ITEM WHERE INVOICEID=24 AND ITEM=1
DELETE FROM ITEM WHERE INVOICEID=29 AND ITEM=2
DELETE FROM ITEM WHERE INVOICEID=38 AND ITEM=10
DELETE FROM ITEM WHERE INVOICEID=40 AND ITEM=12
DELETE FROM ITEM WHERE INVOICEID=40 AND ITEM=20
DELETE FROM ITEM WHERE INVOICEID=1 AND ITEM=6
DELETE FROM ITEM WHERE INVOICEID=5 AND ITEM=8
DELETE FROM ITEM WHERE INVOICEID=8 AND ITEM=4
DELETE FROM ITEM WHERE INVOICEID=11 AND ITEM=8
DELETE FROM ITEM WHERE INVOICEID=15 AND ITEM=1
DELETE FROM ITEM WHERE INVOICEID=18 AND ITEM=19
DELETE FROM ITEM WHERE INVOICEID=38 AND ITEM=18
DELETE FROM ITEM WHERE INVOICEID=0 AND ITEM=6
DELETE FROM ITEM WHERE INVOICEID=4 AND ITEM=13
DELETE FROM ITEM WHERE INVOICEID=6 AND ITEM=0
DELETE FROM ITEM WHERE INVOICEID=6 AND ITEM=12
DELETE FROM ITEM WHERE INVOICEID=11 AND ITEM=7
DELETE FROM ITEM WHERE INVOICEID=14 AND ITEM=3
DELETE FROM ITEM WHERE INVOICEID=16 AND ITEM=2
DELETE FROM ITEM WHERE INVOICEID=19 AND ITEM=6
DELETE FROM ITEM WHERE INVOICEID=22 AND ITEM=10
DELETE FROM ITEM WHERE INVOICEID=22 AND ITEM=13
DELETE FROM ITEM WHERE INVOICEID=22 AND ITEM=15
DELETE FROM ITEM WHERE INVOICEID=27 AND ITEM=1
DELETE FROM ITEM WHERE INVOICEID=27 AND ITEM=7
DELETE FROM ITEM WHERE INVOICEID=34 AND ITEM=4
DELETE FROM ITEM WHERE INVOICEID=34 AND ITEM=9
DELETE FROM ITEM WHERE INVOICEID=37 AND ITEM=1
DELETE FROM ITEM WHERE INVOICEID=40 AND ITEM=15
DELETE FROM ITEM WHERE INVOICEID=42 AND ITEM=4
DELETE FROM ITEM WHERE INVOICEID=48 AND ITEM=3
DELETE FROM ITEM WHERE INVOICEID=48 AND ITEM=7
DELETE FROM ITEM WHERE INVOICEID=1 AND ITEM=1
DELETE FROM ITEM WHERE INVOICEID=2 AND ITEM=19
DELETE FROM ITEM WHERE INVOICEID=5 AND ITEM=11
DELETE FROM ITEM WHERE INVOICEID=13 AND ITEM=0
DELETE FROM ITEM WHERE INVOICEID=14 AND ITEM=4
DELETE FROM ITEM WHERE INVOICEID=20 AND ITEM=0
DELETE FROM ITEM WHERE INVOICEID=27 AND ITEM=10
DELETE FROM ITEM WHERE INVOICEID=32 AND ITEM=1
DELETE FROM ITEM WHERE INVOICEID=36 AND ITEM=0
DELETE FROM ITEM WHERE INVOICEID=49 AND ITEM=17
DELETE FROM ITEM WHERE INVOICEID=2 AND ITEM=9
DELETE FROM ITEM WHERE INVOICEID=4 AND ITEM=8
DELETE FROM ITEM WHERE INVOICEID=5 AND ITEM=6
DELETE FROM ITEM WHERE INVOICEID=15 AND ITEM=4
DELETE FROM ITEM WHERE INVOICEID=15 AND ITEM=13
DELETE FROM ITEM WHERE INVOICEID=17 AND ITEM=13
DELETE FROM ITEM WHERE INVOICEID=18 AND ITEM=16
DELETE FROM ITEM WHERE INVOICEID=21 AND ITEM=14
DELETE FROM ITEM WHERE INVOICEID=25 AND ITEM=2
DELETE FROM ITEM WHERE INVOICEID=34 AND ITEM=0
DELETE FROM ITEM WHERE INVOICEID=34 AND ITEM=15
DELETE FROM ITEM WHERE INVOICEID=39 AND ITEM=2
DELETE FROM ITEM WHERE INVOICEID=40 AND ITEM=14
DELETE FROM ITEM WHERE INVOICEID=46 AND ITEM=2
DELETE FROM ITEM WHERE INVOICEID=0 AND ITEM=8
DELETE FROM ITEM WHERE INVOICEID=13 AND ITEM=5
DELETE FROM ITEM WHERE INVOICEID=13 AND ITEM=14
DELETE FROM ITEM WHERE INVOICEID=15 AND ITEM=12
DELETE FROM ITEM WHERE INVOICEID=18 AND ITEM=4
DELETE FROM ITEM WHERE INVOICEID=19 AND ITEM=7
DELETE FROM ITEM WHERE INVOICEID=21 AND ITEM=12
DELETE FROM ITEM WHERE INVOICEID=28 AND ITEM=0
DELETE FROM ITEM WHERE INVOICEID=30 AND ITEM=2
DELETE FROM ITEM WHERE INVOICEID=34 AND ITEM=13
DELETE FROM ITEM WHERE INVOICEID=36 AND ITEM=7
DELETE FROM ITEM WHERE INVOICEID=36 AND ITEM=13
DELETE FROM ITEM WHERE INVOICEID=38 AND ITEM=6
DELETE FROM ITEM WHERE INVOICEID=38 AND ITEM=11
DELETE FROM ITEM WHERE INVOICEID=1 AND ITEM=10
DELETE FROM ITEM WHERE INVOICEID=2 AND ITEM=21
DELETE FROM ITEM WHERE INVOICEID=12 AND ITEM=4
DELETE FROM ITEM WHERE INVOICEID=12 AND ITEM=14
DELETE FROM ITEM WHERE INVOICEID=22 AND ITEM=3
DELETE FROM ITEM WHERE INVOICEID=22 AND ITEM=4
DELETE FROM ITEM WHERE INVOICEID=29 AND ITEM=16
DELETE FROM ITEM WHERE INVOICEID=35 AND ITEM=5
DELETE FROM ITEM WHERE INVOICEID=38 AND ITEM=1
DELETE FROM ITEM WHERE INVOICEID=40 AND ITEM=19
DELETE FROM ITEM WHERE INVOICEID=43 AND ITEM=6
DELETE FROM ITEM WHERE INVOICEID=49 AND ITEM=0
DELETE FROM ITEM WHERE INVOICEID=4 AND ITEM=3
DELETE FROM ITEM WHERE INVOICEID=4 AND ITEM=11
DELETE FROM ITEM WHERE INVOICEID=6 AND ITEM=9
DELETE FROM ITEM WHERE INVOICEID=11 AND ITEM=3
DELETE FROM ITEM WHERE INVOICEID=12 AND ITEM=6
DELETE FROM ITEM WHERE INVOICEID=14 AND ITEM=2
DELETE FROM ITEM WHERE INVOICEID=19 AND ITEM=5
DELETE FROM ITEM WHERE INVOICEID=27 AND ITEM=6
DELETE FROM ITEM WHERE INVOICEID=27 AND ITEM=14
DELETE FROM ITEM WHERE INVOICEID=40 AND ITEM=3
DELETE FROM ITEM WHERE INVOICEID=40 AND ITEM=8
DELETE FROM ITEM WHERE INVOICEID=43 AND ITEM=10
DELETE FROM ITEM WHERE INVOICEID=1 AND ITEM=8
DELETE FROM ITEM WHERE INVOICEID=12 AND ITEM=11
DELETE FROM ITEM WHERE INVOICEID=14 AND ITEM=5
DELETE FROM ITEM WHERE INVOICEID=15 AND ITEM=10
DELETE FROM ITEM WHERE INVOICEID=17 AND ITEM=17
DELETE FROM ITEM WHERE INVOICEID=21 AND ITEM=16
DELETE FROM ITEM WHERE INVOICEID=22 AND ITEM=8
DELETE FROM ITEM WHERE INVOICEID=22 AND ITEM=9
DELETE FROM ITEM WHERE INVOICEID=26 AND ITEM=0
DELETE FROM ITEM WHERE INVOICEID=26 AND ITEM=2
DELETE FROM ITEM WHERE INVOICEID=28 AND ITEM=9
DELETE FROM ITEM WHERE INVOICEID=28 AND ITEM=12
DELETE FROM ITEM WHERE INVOICEID=31 AND ITEM=1
DELETE FROM ITEM WHERE INVOICEID=34 AND ITEM=8
DELETE FROM ITEM WHERE INVOICEID=36 AND ITEM=3
DELETE FROM ITEM WHERE INVOICEID=49 AND ITEM=14
DELETE FROM ITEM WHERE INVOICEID=1 AND ITEM=4
DELETE FROM ITEM WHERE INVOICEID=2 AND ITEM=16
DELETE FROM ITEM WHERE INVOICEID=6 AND ITEM=14
DELETE FROM ITEM WHERE INVOICEID=12 AND ITEM=16
DELETE FROM ITEM WHERE INVOICEID=13 AND ITEM=6
DELETE FROM ITEM WHERE INVOICEID=13 AND ITEM=8
DELETE FROM ITEM WHERE INVOICEID=15 AND ITEM=9
DELETE FROM ITEM WHERE INVOICEID=19 AND ITEM=4
DELETE FROM ITEM WHERE INVOICEID=22 AND ITEM=7
DELETE FROM ITEM WHERE INVOICEID=23 AND ITEM=5
DELETE FROM ITEM WHERE INVOICEID=32 AND ITEM=5
DELETE FROM ITEM WHERE INVOICEID=38 AND ITEM=2
DELETE FROM ITEM WHERE INVOICEID=0 AND ITEM=0
DELETE FROM ITEM WHERE INVOICEID=2 AND ITEM=0
DELETE FROM ITEM WHERE INVOICEID=4 AND ITEM=7
DELETE FROM ITEM WHERE INVOICEID=12 AND ITEM=0
DELETE FROM ITEM WHERE INVOICEID=28 AND ITEM=2
DELETE FROM ITEM WHERE INVOICEID=34 AND ITEM=10
DELETE FROM ITEM WHERE INVOICEID=34 AND ITEM=12
DELETE FROM ITEM WHERE INVOICEID=35 AND ITEM=4
DELETE FROM ITEM WHERE INVOICEID=38 AND ITEM=0
DELETE FROM ITEM WHERE INVOICEID=42 AND ITEM=2
DELETE FROM ITEM WHERE INVOICEID=43 AND ITEM=7
DELETE FROM ITEM WHERE INVOICEID=43 AND ITEM=9
DELETE FROM ITEM WHERE INVOICEID=45 AND ITEM=0
DELETE FROM ITEM WHERE INVOICEID=49 AND ITEM=2
DELETE FROM ITEM WHERE INVOICEID=12 AND ITEM=1
DELETE FROM ITEM WHERE INVOICEID=18 AND ITEM=17
DELETE FROM ITEM WHERE INVOICEID=21 AND ITEM=2
DELETE FROM ITEM WHERE INVOICEID=22 AND ITEM=2
DELETE FROM ITEM WHERE INVOICEID=23 AND ITEM=0
DELETE FROM ITEM WHERE INVOICEID=24 AND ITEM=9
DELETE FROM ITEM WHERE INVOICEID=26 AND ITEM=9
DELETE FROM ITEM WHERE INVOICEID=28 AND ITEM=11
DELETE FROM ITEM WHERE INVOICEID=28 AND ITEM=15
DELETE FROM ITEM WHERE INVOICEID=29 AND ITEM=0
DELETE FROM ITEM WHERE INVOICEID=38 AND ITEM=13
DELETE FROM ITEM WHERE INVOICEID=42 AND ITEM=3
DELETE FROM ITEM WHERE INVOICEID=44 AND ITEM=2
DELETE FROM ITEM WHERE INVOICEID=47 AND ITEM=0
DELETE FROM ITEM WHERE INVOICEID=49 AND ITEM=6
DELETE FROM ITEM WHERE INVOICEID=2 AND ITEM=8
DELETE FROM ITEM WHERE INVOICEID=5 AND ITEM=3
DELETE FROM ITEM WHERE INVOICEID=11 AND ITEM=2
DELETE FROM ITEM WHERE INVOICEID=12 AND ITEM=10
DELETE FROM ITEM WHERE INVOICEID=19 AND ITEM=8
DELETE FROM ITEM WHERE INVOICEID=21 AND ITEM=10
DELETE FROM ITEM WHERE INVOICEID=24 AND ITEM=10
DELETE FROM ITEM WHERE INVOICEID=24 AND ITEM=16
DELETE FROM ITEM WHERE INVOICEID=34 AND ITEM=3
DELETE FROM ITEM WHERE INVOICEID=1 AND ITEM=9
DELETE FROM ITEM WHERE INVOICEID=9 AND ITEM=1
DELETE FROM ITEM WHERE INVOICEID=15 AND ITEM=16
DELETE FROM ITEM WHERE INVOICEID=18 AND ITEM=12
DELETE FROM ITEM WHERE INVOICEID=22 AND ITEM=5
DELETE FROM ITEM WHERE INVOICEID=22 AND ITEM=16
DELETE FROM ITEM WHERE INVOICEID=23 AND ITEM=8
DELETE FROM ITEM WHERE INVOICEID=23 AND ITEM=14
DELETE FROM ITEM WHERE INVOICEID=26 AND ITEM=1
DELETE FROM ITEM WHERE INVOICEID=28 AND ITEM=14
DELETE FROM ITEM WHERE INVOICEID=38 AND ITEM=7
DELETE FROM ITEM WHERE INVOICEID=41 AND ITEM=1
DELETE FROM ITEM WHERE INVOICEID=49 AND ITEM=4
DELETE FROM ITEM WHERE INVOICEID=1 AND ITEM=0
DELETE FROM ITEM WHERE INVOICEID=7 AND ITEM=1
DELETE FROM ITEM WHERE INVOICEID=13 AND ITEM=11
DELETE FROM ITEM WHERE INVOICEID=17 AND ITEM=11
DELETE FROM ITEM WHERE INVOICEID=28 AND ITEM=16
DELETE FROM ITEM WHERE INVOICEID=40 AND ITEM=7
DELETE FROM ITEM WHERE INVOICEID=48 AND ITEM=2
DELETE FROM ITEM WHERE INVOICEID=48 AND ITEM=8
DELETE FROM ITEM WHERE INVOICEID=2 AND ITEM=15
DELETE FROM ITEM WHERE INVOICEID=12 AND ITEM=12
DELETE FROM ITEM WHERE INVOICEID=13 AND ITEM=13
DELETE FROM ITEM WHERE INVOICEID=24 AND ITEM=4
DELETE FROM ITEM WHERE INVOICEID=40 AND ITEM=2
DELETE FROM ITEM WHERE INVOICEID=15 AND ITEM=8
DELETE FROM ITEM WHERE INVOICEID=19 AND ITEM=3
DELETE FROM ITEM WHERE INVOICEID=19 AND ITEM=11
DELETE FROM ITEM WHERE INVOICEID=21 AND ITEM=5
DELETE FROM ITEM WHERE INVOICEID=23 AND ITEM=1
DELETE FROM ITEM WHERE INVOICEID=23 AND ITEM=11
DELETE FROM ITEM WHERE INVOICEID=25 AND ITEM=3
DELETE FROM ITEM WHERE INVOICEID=27 AND ITEM=12
DELETE FROM ITEM WHERE INVOICEID=34 AND ITEM=14
DELETE FROM ITEM WHERE INVOICEID=40 AND ITEM=0
DELETE FROM ITEM WHERE INVOICEID=41 AND ITEM=7
DELETE FROM ITEM WHERE INVOICEID=2 AND ITEM=5
DELETE FROM ITEM WHERE INVOICEID=6 AND ITEM=13
DELETE FROM ITEM WHERE INVOICEID=17 AND ITEM=1
DELETE FROM ITEM WHERE INVOICEID=18 AND ITEM=9
DELETE FROM ITEM WHERE INVOICEID=32 AND ITEM=2
DELETE FROM ITEM WHERE INVOICEID=32 AND ITEM=3
DELETE FROM ITEM WHERE INVOICEID=34 AND ITEM=19
DELETE FROM ITEM WHERE INVOICEID=37 AND ITEM=2
DELETE FROM ITEM WHERE INVOICEID=45 AND ITEM=4
DELETE FROM ITEM WHERE INVOICEID=2 AND ITEM=4
DELETE FROM ITEM WHERE INVOICEID=4 AND ITEM=0
DELETE FROM ITEM WHERE INVOICEID=12 AND ITEM=2
DELETE FROM ITEM WHERE INVOICEID=15 AND ITEM=2
DELETE FROM ITEM WHERE INVOICEID=18 AND ITEM=0
DELETE FROM ITEM WHERE INVOICEID=18 AND ITEM=18
DELETE FROM ITEM WHERE INVOICEID=21 AND ITEM=8
DELETE FROM ITEM WHERE INVOICEID=24 AND ITEM=2
DELETE FROM ITEM WHERE INVOICEID=27 AND ITEM=13
DELETE FROM ITEM WHERE INVOICEID=32 AND ITEM=0
DELETE FROM ITEM WHERE INVOICEID=35 AND ITEM=3
DELETE FROM ITEM WHERE INVOICEID=36 AND ITEM=12
DELETE FROM ITEM WHERE INVOICEID=38 AND ITEM=4
DELETE FROM ITEM WHERE INVOICEID=38 AND ITEM=17
DELETE FROM ITEM WHERE INVOICEID=41 AND ITEM=3
DELETE FROM ITEM WHERE INVOICEID=41 AND ITEM=15
DELETE FROM ITEM WHERE INVOICEID=41 AND ITEM=16
DELETE FROM ITEM WHERE INVOICEID=48 AND ITEM=4
DELETE FROM ITEM WHERE INVOICEID=2 AND ITEM=11
DELETE FROM ITEM WHERE INVOICEID=5 AND ITEM=4
DELETE FROM ITEM WHERE INVOICEID=17 AND ITEM=5
DELETE FROM ITEM WHERE INVOICEID=28 AND ITEM=6
DELETE FROM ITEM WHERE INVOICEID=35 AND ITEM=12
DELETE FROM ITEM WHERE INVOICEID=43 AND ITEM=3
DELETE FROM ITEM WHERE INVOICEID=46 AND ITEM=3
DELETE FROM ITEM WHERE INVOICEID=49 AND ITEM=18
DELETE FROM ITEM WHERE INVOICEID=2 AND ITEM=2
DELETE FROM ITEM WHERE INVOICEID=5 AND ITEM=0
DELETE FROM ITEM WHERE INVOICEID=6 AND ITEM=7
DELETE FROM ITEM WHERE INVOICEID=15 AND ITEM=5
DELETE FROM ITEM WHERE INVOICEID=15 AND ITEM=21
DELETE FROM ITEM WHERE INVOICEID=21 AND ITEM=0
DELETE FROM ITEM WHERE INVOICEID=24 AND ITEM=5
DELETE FROM ITEM WHERE INVOICEID=26 AND ITEM=8
DELETE FROM ITEM WHERE INVOICEID=32 AND ITEM=8
DELETE FROM ITEM WHERE INVOICEID=45 AND ITEM=3
DELETE FROM ITEM WHERE INVOICEID=5 AND ITEM=7
DELETE FROM ITEM WHERE INVOICEID=6 AND ITEM=6
DELETE FROM ITEM WHERE INVOICEID=11 AND ITEM=10
DELETE FROM ITEM WHERE INVOICEID=15 AND ITEM=20
DELETE FROM ITEM WHERE INVOICEID=19 AND ITEM=9
DELETE FROM ITEM WHERE INVOICEID=20 AND ITEM=5
DELETE FROM ITEM WHERE INVOICEID=21 AND ITEM=1
DELETE FROM ITEM WHERE INVOICEID=24 AND ITEM=11
DELETE FROM ITEM WHERE INVOICEID=27 AND ITEM=4
DELETE FROM ITEM WHERE INVOICEID=28 AND ITEM=8
DELETE FROM ITEM WHERE INVOICEID=5 AND ITEM=10
DELETE FROM ITEM WHERE INVOICEID=7 AND ITEM=6
DELETE FROM ITEM WHERE INVOICEID=11 AND ITEM=6
DELETE FROM ITEM WHERE INVOICEID=11 AND ITEM=9
DELETE FROM ITEM WHERE INVOICEID=12 AND ITEM=15
DELETE FROM ITEM WHERE INVOICEID=14 AND ITEM=9
DELETE FROM ITEM WHERE INVOICEID=15 AND ITEM=15
DELETE FROM ITEM WHERE INVOICEID=17 AND ITEM=8
DELETE FROM ITEM WHERE INVOICEID=23 AND ITEM=16
DELETE FROM ITEM WHERE INVOICEID=27 AND ITEM=11
DELETE FROM ITEM WHERE INVOICEID=29 AND ITEM=6
DELETE FROM ITEM WHERE INVOICEID=32 AND ITEM=7
DELETE FROM ITEM WHERE INVOICEID=41 AND ITEM=4
DELETE FROM ITEM WHERE INVOICEID=47 AND ITEM=1
DELETE FROM ITEM WHERE INVOICEID=49 AND ITEM=8
DELETE FROM ITEM WHERE INVOICEID=1 AND ITEM=11
DELETE FROM ITEM WHERE INVOICEID=6 AND ITEM=5
DELETE FROM ITEM WHERE INVOICEID=10 AND ITEM=1
DELETE FROM ITEM WHERE INVOICEID=22 AND ITEM=0
DELETE FROM ITEM WHERE INVOICEID=22 AND ITEM=11
DELETE FROM ITEM WHERE INVOICEID=28 AND ITEM=1
DELETE FROM ITEM WHERE INVOICEID=29 AND ITEM=11
DELETE FROM ITEM WHERE INVOICEID=36 AND ITEM=5
DELETE FROM ITEM WHERE INVOICEID=36 AND ITEM=8
DELETE FROM ITEM WHERE INVOICEID=39 AND ITEM=0
DELETE FROM ITEM WHERE INVOICEID=47 AND ITEM=6
DELETE FROM ITEM WHERE INVOICEID=49 AND ITEM=3
DELETE FROM ITEM WHERE INVOICEID=49 AND ITEM=7
DELETE FROM ITEM WHERE INVOICEID=49 AND ITEM=9
DELETE FROM ITEM WHERE INVOICEID=2 AND ITEM=20
DELETE FROM ITEM WHERE INVOICEID=8 AND ITEM=1
DELETE FROM ITEM WHERE INVOICEID=8 AND ITEM=2
DELETE FROM ITEM WHERE INVOICEID=19 AND ITEM=10
DELETE FROM ITEM WHERE INVOICEID=21 AND ITEM=4
DELETE FROM ITEM WHERE INVOICEID=23 AND ITEM=9
DELETE FROM ITEM WHERE INVOICEID=28 AND ITEM=10
DELETE FROM ITEM WHERE INVOICEID=28 AND ITEM=13
DELETE FROM ITEM WHERE INVOICEID=34 AND ITEM=5
DELETE FROM ITEM WHERE INVOICEID=35 AND ITEM=7
DELETE FROM ITEM WHERE INVOICEID=38 AND ITEM=19
DELETE FROM ITEM WHERE INVOICEID=47 AND ITEM=3
DELETE FROM ITEM WHERE INVOICEID=48 AND ITEM=5
DELETE FROM ITEM WHERE INVOICEID=0 AND ITEM=1
DELETE FROM ITEM WHERE INVOICEID=4 AND ITEM=2
DELETE FROM ITEM WHERE INVOICEID=14 AND ITEM=1
DELETE FROM ITEM WHERE INVOICEID=17 AND ITEM=12
DELETE FROM ITEM WHERE INVOICEID=20 AND ITEM=1
DELETE FROM ITEM WHERE INVOICEID=32 AND ITEM=6
DELETE FROM ITEM WHERE INVOICEID=34 AND ITEM=6
DELETE FROM ITEM WHERE INVOICEID=35 AND ITEM=2
DELETE FROM ITEM WHERE INVOICEID=40 AND ITEM=6
DELETE FROM ITEM WHERE INVOICEID=45 AND ITEM=1
DELETE FROM ITEM WHERE INVOICEID=0 AND ITEM=4
DELETE FROM ITEM WHERE INVOICEID=0 AND ITEM=7
DELETE FROM ITEM WHERE INVOICEID=0 AND ITEM=10
DELETE FROM ITEM WHERE INVOICEID=2 AND ITEM=17
DELETE FROM ITEM WHERE INVOICEID=2 AND ITEM=18
DELETE FROM ITEM WHERE INVOICEID=4 AND ITEM=12
DELETE FROM ITEM WHERE INVOICEID=6 AND ITEM=15
DELETE FROM ITEM WHERE INVOICEID=11 AND ITEM=0
DELETE FROM ITEM WHERE INVOICEID=18 AND ITEM=15
DELETE FROM ITEM WHERE INVOICEID=22 AND ITEM=6
DELETE FROM ITEM WHERE INVOICEID=27 AND ITEM=0
DELETE FROM ITEM WHERE INVOICEID=35 AND ITEM=11
DELETE FROM ITEM WHERE INVOICEID=36 AND ITEM=4
DELETE FROM ITEM WHERE INVOICEID=36 AND ITEM=9
DELETE FROM ITEM WHERE INVOICEID=40 AND ITEM=16
DELETE FROM ITEM WHERE INVOICEID=41 AND ITEM=6
DELETE FROM ITEM WHERE INVOICEID=41 AND ITEM=9
DELETE FROM ITEM WHERE INVOICEID=41 AND ITEM=13
DELETE FROM ITEM WHERE INVOICEID=11 AND ITEM=12
DELETE FROM ITEM WHERE INVOICEID=13 AND ITEM=10
DELETE FROM ITEM WHERE INVOICEID=15 AND ITEM=11
DELETE FROM ITEM WHERE INVOICEID=18 AND ITEM=13
DELETE FROM ITEM WHERE INVOICEID=22 AND ITEM=1
DELETE FROM ITEM WHERE INVOICEID=31 AND ITEM=2
DELETE FROM ITEM WHERE INVOICEID=35 AND ITEM=10
DELETE FROM ITEM WHERE INVOICEID=41 AND ITEM=2
DELETE FROM ITEM WHERE INVOICEID=43 AND ITEM=5
DELETE FROM ITEM WHERE INVOICEID=43 AND ITEM=11
DELETE FROM ITEM WHERE INVOICEID=49 AND ITEM=19
COMMIT
DELETE FROM CUSTOMER WHERE ID=0
DELETE FROM CUSTOMER WHERE ID=1
DELETE FROM CUSTOMER WHERE ID=2
DELETE FROM CUSTOMER WHERE ID=3
DELETE FROM CUSTOMER WHERE ID=4
DELETE FROM CUSTOMER WHERE ID=5
DELETE FROM CUSTOMER WHERE ID=6
DELETE FROM CUSTOMER WHERE ID=7
DELETE FROM CUSTOMER WHERE ID=8
DELETE FROM CUSTOMER WHERE ID=9
DELETE FROM CUSTOMER WHERE ID=10
DELETE FROM CUSTOMER WHERE ID=11
DELETE FROM CUSTOMER WHERE ID=12
DELETE FROM CUSTOMER WHERE ID=13
DELETE FROM CUSTOMER WHERE ID=14
DELETE FROM CUSTOMER WHERE ID=15
DELETE FROM CUSTOMER WHERE ID=16
DELETE FROM CUSTOMER WHERE ID=17
DELETE FROM CUSTOMER WHERE ID=18
DELETE FROM CUSTOMER WHERE ID=19
DELETE FROM CUSTOMER WHERE ID=20
DELETE FROM CUSTOMER WHERE ID=21
DELETE FROM CUSTOMER WHERE ID=22
DELETE FROM CUSTOMER WHERE ID=23
DELETE FROM CUSTOMER WHERE ID=24
DELETE FROM CUSTOMER WHERE ID=25
DELETE FROM CUSTOMER WHERE ID=26
DELETE FROM CUSTOMER WHERE ID=27
DELETE FROM CUSTOMER WHERE ID=28
DELETE FROM CUSTOMER WHERE ID=29
DELETE FROM CUSTOMER WHERE ID=30
DELETE FROM CUSTOMER WHERE ID=31
DELETE FROM CUSTOMER WHERE ID=32
DELETE FROM CUSTOMER WHERE ID=33
DELETE FROM CUSTOMER WHERE ID=34
DELETE FROM CUSTOMER WHERE ID=35
DELETE FROM CUSTOMER WHERE ID=36
DELETE FROM CUSTOMER WHERE ID=37
DELETE FROM CUSTOMER WHERE ID=38
DELETE FROM CUSTOMER WHERE ID=39
DELETE FROM CUSTOMER WHERE ID=40
DELETE FROM CUSTOMER WHERE ID=41
DELETE FROM CUSTOMER WHERE ID=42
DELETE FROM CUSTOMER WHERE ID=43
DELETE FROM CUSTOMER WHERE ID=44
DELETE FROM CUSTOMER WHERE ID=45
DELETE FROM CUSTOMER WHERE ID=46
DELETE FROM CUSTOMER WHERE ID=47
DELETE FROM CUSTOMER WHERE ID=48
DELETE FROM CUSTOMER WHERE ID=49
DELETE FROM INVOICE WHERE ID=1
DELETE FROM INVOICE WHERE ID=13
DELETE FROM INVOICE WHERE ID=36
DELETE FROM INVOICE WHERE ID=27
DELETE FROM INVOICE WHERE ID=12
DELETE FROM INVOICE WHERE ID=37
DELETE FROM INVOICE WHERE ID=23
DELETE FROM INVOICE WHERE ID=9
DELETE FROM INVOICE WHERE ID=11
DELETE FROM INVOICE WHERE ID=33
DELETE FROM INVOICE WHERE ID=38
DELETE FROM INVOICE WHERE ID=49
DELETE FROM INVOICE WHERE ID=14
DELETE FROM INVOICE WHERE ID=17
DELETE FROM INVOICE WHERE ID=26
DELETE FROM INVOICE WHERE ID=32
DELETE FROM INVOICE WHERE ID=2
DELETE FROM INVOICE WHERE ID=6
DELETE FROM INVOICE WHERE ID=25
DELETE FROM INVOICE WHERE ID=30
DELETE FROM INVOICE WHERE ID=39
DELETE FROM INVOICE WHERE ID=43
DELETE FROM INVOICE WHERE ID=0
DELETE FROM INVOICE WHERE ID=31
DELETE FROM INVOICE WHERE ID=16
DELETE FROM INVOICE WHERE ID=3
DELETE FROM INVOICE WHERE ID=48
DELETE FROM INVOICE WHERE ID=8
DELETE FROM INVOICE WHERE ID=21
DELETE FROM INVOICE WHERE ID=46
DELETE FROM INVOICE WHERE ID=18
DELETE FROM INVOICE WHERE ID=15
DELETE FROM INVOICE WHERE ID=44
DELETE FROM INVOICE WHERE ID=5
DELETE FROM INVOICE WHERE ID=19
DELETE FROM INVOICE WHERE ID=28
DELETE FROM INVOICE WHERE ID=35
DELETE FROM INVOICE WHERE ID=47
DELETE FROM INVOICE WHERE ID=10
DELETE FROM INVOICE WHERE ID=7
DELETE FROM INVOICE WHERE ID=24
DELETE FROM INVOICE WHERE ID=29
DELETE FROM INVOICE WHERE ID=42
DELETE FROM INVOICE WHERE ID=4
DELETE FROM INVOICE WHERE ID=45
DELETE FROM INVOICE WHERE ID=40
DELETE FROM INVOICE WHERE ID=20
DELETE FROM INVOICE WHERE ID=22
DELETE FROM INVOICE WHERE ID=41
DELETE FROM INVOICE WHERE ID=34
COMMIT
DISCONNECT
